
> toan-tbs-platform@0.1.0 build
> next build

⚠ `eslint` configuration in next.config.ts is no longer supported. See more info here: https://nextjs.org/docs/app/api-reference/cli/next#next-lint-options
⚠ Invalid next.config.ts options detected: 
⚠     Unrecognized key(s) in object: 'eslint'
⚠ See more info here: https://nextjs.org/docs/messages/invalid-next-config
⚠ Warning: Next.js inferred your workspace root, but it may not be correct.
 We detected multiple lockfiles and selected the directory of C:\Users\Admin\package-lock.json as the root directory.
 To silence this warning, set `turbopack.root` in your Next.js config, or consider removing one of the lockfiles if it's not needed.
   See https://nextjs.org/docs/app/api-reference/config/next-config-js/turbopack#root-directory for more information.
 Detected additional lockfiles: 
   * C:\Users\Admin\toan-tbs-platform\package-lock.json

▲ Next.js 16.2.10 (Turbopack)
- Environments: .env.local

  Creating an optimized production build ...
✓ Compiled successfully in 56s
  Skipping validation of types
  Finished TypeScript config validation in 60ms ...
  Collecting page data using 3 workers ...
  Generating static pages using 3 workers (0/29) ...
  Generating static pages using 3 workers (7/29) 
  Generating static pages using 3 workers (14/29) 
  Generating static pages using 3 workers (21/29) 
✓ Generating static pages using 3 workers (29/29) in 6.1s
  Finalizing page optimization ...

Route (app)
┌ ○ /
├ ○ /_not-found
├ ○ /ai-assistant
├ ƒ /api/ai
├ ƒ /api/editor-ai
├ ƒ /api/plan-assistant
├ ○ /dashboard
├ ○ /department
├ ○ /department/lectures
├ ○ /department/lectures/create
├ ○ /documents
├ ○ /editor
├ ƒ /editor/[id]
├ ○ /exams
├ ○ /exams/create
├ ○ /games
├ ○ /games/host
├ ƒ /games/host/[pin]
├ ƒ /games/play/[id]
├ ƒ /games/play/[id]/[pin]
├ ƒ /games/practice/[pin]
├ ○ /games/setup
├ ○ /login
├ ○ /olympic
├ ○ /plan-assistant
├ ○ /student
├ ○ /student/exams
├ ○ /student/exams/results
├ ○ /student/home
├ ƒ /student/lectures/[id]
├ ○ /student/login
├ ○ /student/profile
├ ƒ /teacher/[login]
└ ○ /users


○  (Static)   prerendered as static content
ƒ  (Dynamic)  server-rendered on demand

